2021.06.07-09:40:25   Program sumcker started!
2021.06.07-09:40:25   Initialyzing application.
2021.06.07-09:40:25   Application initialyzed.
2021.06.07-09:40:25   Start inspecting files checksum.
2021.06.07-09:40:26   Hashsum check finished successful!
2021.06.07-09:40:26   Deinitialyzing application.
2021.06.07-09:40:26   Sumchecker stopped.
2021.07.01-14:45:38   Program sumcker started!
2021.07.01-14:45:38   Initialyzing application.
2021.07.01-14:45:38   Application initialyzed.
2021.07.01-14:45:38   Starting update database files checksum.
2021.07.01-14:45:38   Checksum updating is finished successfully.
2021.07.01-14:45:38   Deinitialyzing application.
2021.07.01-14:45:38   Sumchecker stopped.
2021.07.01-14:52:57   Program sumcker started!
2021.07.01-14:52:57   Initialyzing application.
2021.07.01-14:52:57   Application initialyzed.
2021.07.01-14:52:57   Starting update database files checksum.
2021.07.01-14:52:57   Checksum updating is finished successfully.
2021.07.01-14:52:57   Deinitialyzing application.
2021.07.01-14:52:57   Sumchecker stopped.
2021.07.01-15:21:47   Program sumcker started!
2021.07.01-15:21:47   Initialyzing application.
2021.07.01-15:21:47   Application initialyzed.
2021.07.01-15:21:47   Starting update database files checksum.
2021.07.01-15:21:47   Checksum updating is finished successfully.
2021.07.01-15:21:47   Deinitialyzing application.
2021.07.01-15:21:47   Sumchecker stopped.
2021.07.01-15:25:54   Program sumcker started!
2021.07.01-15:25:54   Initialyzing application.
2021.07.01-15:25:54   Application initialyzed.
2021.07.01-15:25:54   Starting update database files checksum.
2021.07.01-15:25:54   Checksum updating is finished successfully.
2021.07.01-15:25:54   Deinitialyzing application.
2021.07.01-15:25:54   Sumchecker stopped.
2021.07.01-15:25:55   Program sumcker started!
2021.07.01-15:25:55   Initialyzing application.
2021.07.01-15:25:55   Application initialyzed.
2021.07.01-15:25:55   Starting update database files checksum.
2021.07.01-15:25:55   Checksum updating is finished successfully.
2021.07.01-15:25:55   Deinitialyzing application.
2021.07.01-15:25:55   Sumchecker stopped.
2021.07.01-15:26:21   Program sumcker started!
2021.07.01-15:26:21   Initialyzing application.
2021.07.01-15:26:21   Application initialyzed.
2021.07.01-15:26:21   Starting update database files checksum.
2021.07.01-15:26:21   Checksum updating is finished successfully.
2021.07.01-15:26:21   Deinitialyzing application.
2021.07.01-15:26:21   Sumchecker stopped.
2021.07.01-15:27:01   Program sumcker started!
2021.07.01-15:27:01   Initialyzing application.
2021.07.01-15:27:01   Application initialyzed.
2021.07.01-15:27:01   Starting update database files checksum.
2021.07.01-15:27:01   Checksum updating is finished successfully.
2021.07.01-15:27:01   Deinitialyzing application.
2021.07.01-15:27:01   Sumchecker stopped.
2021.07.01-15:30:33   Program sumcker started!
2021.07.01-15:30:33   Initialyzing application.
2021.07.01-15:30:33   Application initialyzed.
2021.07.01-15:30:33   Start inspecting files checksum.
2021.07.01-15:30:33   Hashsum check finished successful!
2021.07.01-15:30:33   Deinitialyzing application.
2021.07.01-15:30:33   Sumchecker stopped.
2021.07.01-15:30:54   Program sumcker started!
2021.07.01-15:30:54   Initialyzing application.
2021.07.01-15:30:54   Application initialyzed.
2021.07.01-15:30:54   Starting update database files checksum.
2021.07.01-15:30:54   Checksum updating is finished successfully.
2021.07.01-15:30:54   Deinitialyzing application.
2021.07.01-15:30:54   Sumchecker stopped.
2021.07.01-15:38:54   Program sumcker started!
2021.07.01-15:38:54   Initialyzing application.
2021.07.01-15:38:54   Application initialyzed.
2021.07.01-15:38:54   Starting update database files checksum.
2021.07.01-15:38:54   Checksum updating is finished successfully.
2021.07.01-15:38:54   Deinitialyzing application.
2021.07.01-15:38:54   Sumchecker stopped.
2021.07.01-15:38:58   Program sumcker started!
2021.07.01-15:38:58   Initialyzing application.
2021.07.01-15:38:58   Application initialyzed.
2021.07.01-15:38:58   Start inspecting files checksum.
2021.07.01-15:38:58   Hashsum check finished successful!
2021.07.01-15:38:58   Deinitialyzing application.
2021.07.01-15:38:58   Sumchecker stopped.
2021.07.01-15:39:00   Program sumcker started!
2021.07.01-15:39:00   Initialyzing application.
2021.07.01-15:39:00   Application initialyzed.
2021.07.01-15:39:00   Starting update database files checksum.
2021.07.01-15:39:00   Checksum updating is finished successfully.
2021.07.01-15:39:00   Deinitialyzing application.
2021.07.01-15:39:00   Sumchecker stopped.
2021.07.01-15:40:03   Program sumcker started!
2021.07.01-15:40:03   Initialyzing application.
2021.07.01-15:40:03   Application initialyzed.
2021.07.01-15:40:03   Starting update database files checksum.
2021.07.01-15:40:03   Checksum updating is finished successfully.
2021.07.01-15:40:03   Deinitialyzing application.
2021.07.01-15:40:03   Sumchecker stopped.
2021.07.01-15:40:05   Program sumcker started!
2021.07.01-15:40:05   Initialyzing application.
2021.07.01-15:40:05   Application initialyzed.
2021.07.01-15:40:05   Start inspecting files checksum.
2021.07.01-15:40:05   Hashsum check finished successful!
2021.07.01-15:40:05   Deinitialyzing application.
2021.07.01-15:40:05   Sumchecker stopped.
2021.07.01-15:40:14   Program sumcker started!
2021.07.01-15:40:14   Initialyzing application.
2021.07.01-15:40:14   Application initialyzed.
2021.07.01-15:40:14   Starting update database files checksum.
2021.07.01-15:40:14   Hashsum check finished with 1 error(s)!
2021.07.01-15:40:14   Deinitialyzing application.
2021.07.01-15:40:14   Sumchecker stopped.
2021.07.01-15:40:51   Program sumcker started!
2021.07.01-15:40:51   Initialyzing application.
2021.07.01-15:40:51   Application initialyzed.
2021.07.01-15:40:51   Starting update database files checksum.
2021.07.01-15:40:51   Hashsum check finished with 1 error(s)!
2021.07.01-15:40:51   Deinitialyzing application.
2021.07.01-15:40:51   Sumchecker stopped.
2021.07.01-16:16:14   Program sumcker started!
2021.07.01-16:16:14   Initialyzing application.
2021.07.01-16:16:14   Application initialyzed.
2021.07.01-16:16:14   Starting update database files checksum.
2021.07.01-16:16:14   Hashsum check finished with 1 error(s)!
2021.07.01-16:16:14   Deinitialyzing application.
2021.07.01-16:16:14   Sumchecker stopped.
2021.07.01-16:16:19   Program sumcker started!
2021.07.01-16:16:19   Initialyzing application.
2021.07.01-16:16:19   Application initialyzed.
2021.07.01-16:16:19   Start inspecting files checksum.
2021.07.01-16:16:19   File hashsum error: /home/ilvir/PhpstormProjects/sdk123/README.md!
2021.07.01-16:16:19   Hashsum check finished with 1 error(s)!
2021.07.01-16:16:19   Deinitialyzing application.
2021.07.01-16:16:19   Sumchecker stopped.
2021.07.01-16:16:23   Program sumcker started!
2021.07.01-16:16:23   Initialyzing application.
2021.07.01-16:16:23   Application initialyzed.
2021.07.01-16:16:23   Starting update database files checksum.
2021.07.01-16:16:23   Hashsum check finished with 1 error(s)!
2021.07.01-16:16:23   Deinitialyzing application.
2021.07.01-16:16:23   Sumchecker stopped.
2021.07.01-16:16:49   Program sumcker started!
2021.07.01-16:16:49   Initialyzing application.
2021.07.01-16:16:49   Application initialyzed.
2021.07.01-16:16:49   Starting update database files checksum.
2021.07.01-16:16:49   Hashsum check finished with 1 error(s)!
2021.07.01-16:16:49   Deinitialyzing application.
2021.07.01-16:16:49   Sumchecker stopped.
2021.07.01-16:16:55   Program sumcker started!
2021.07.01-16:16:55   Initialyzing application.
2021.07.01-16:16:55   Application initialyzed.
2021.07.01-16:16:55   Start inspecting files checksum.
2021.07.01-16:16:55   File hashsum error: /home/ilvir/PhpstormProjects/sdk123/README.md!
2021.07.01-16:16:55   Hashsum check finished with 1 error(s)!
2021.07.01-16:16:55   Deinitialyzing application.
2021.07.01-16:16:55   Sumchecker stopped.
2021.07.01-16:27:13   Program sumcker started!
2021.07.01-16:27:13   Initialyzing application.
2021.07.01-16:27:13   Application initialyzed.
2021.07.01-16:27:13   Starting update database files checksum.
2021.07.01-16:27:13   Hashsum check finished with 1 error(s)!
2021.07.01-16:27:13   Deinitialyzing application.
2021.07.01-16:27:13   Sumchecker stopped.
2021.07.01-16:27:50   Program sumcker started!
2021.07.01-16:27:50   Initialyzing application.
2021.07.01-16:27:50   Application initialyzed.
2021.07.01-16:27:50   Starting update database files checksum.
2021.07.01-16:27:50   Checksum updating is finished successfully.
2021.07.01-16:27:50   Deinitialyzing application.
2021.07.01-16:27:50   Sumchecker stopped.
2021.07.01-16:27:52   Program sumcker started!
2021.07.01-16:27:52   Initialyzing application.
2021.07.01-16:27:52   Application initialyzed.
2021.07.01-16:27:52   Starting update database files checksum.
2021.07.01-16:27:52   Checksum updating is finished successfully.
2021.07.01-16:27:52   Deinitialyzing application.
2021.07.01-16:27:52   Sumchecker stopped.
2021.07.01-16:28:05   Program sumcker started!
2021.07.01-16:28:05   Initialyzing application.
2021.07.01-16:28:05   Application initialyzed.
2021.07.01-16:28:05   Starting update database files checksum.
2021.07.01-16:28:05   Hashsum check finished with 1 error(s)!
2021.07.01-16:28:05   Deinitialyzing application.
2021.07.01-16:28:05   Sumchecker stopped.
2021.07.01-16:31:34   Program sumcker started!
2021.07.01-16:31:34   Initialyzing application.
2021.07.01-16:31:34   Application initialyzed.
2021.07.01-16:31:34   Starting update database files checksum.
2021.07.01-16:31:34   Hashsum check finished with 1 error(s)!
2021.07.01-16:31:34   Deinitialyzing application.
2021.07.01-16:31:34   Sumchecker stopped.
2021.07.01-16:31:35   Program sumcker started!
2021.07.01-16:31:35   Initialyzing application.
2021.07.01-16:31:35   Application initialyzed.
2021.07.01-16:31:35   Starting update database files checksum.
2021.07.01-16:31:35   Hashsum check finished with 1 error(s)!
2021.07.01-16:31:35   Deinitialyzing application.
2021.07.01-16:31:35   Sumchecker stopped.
2021.07.01-16:36:23   Program sumcker started!
2021.07.01-16:36:23   Initialyzing application.
2021.07.01-16:36:23   Application initialyzed.
2021.07.01-16:36:23   Starting update database files checksum.
2021.07.01-16:36:23   Checksum updating is finished successfully.
2021.07.01-16:36:23   Deinitialyzing application.
2021.07.01-16:36:23   Sumchecker stopped.
2021.07.01-16:37:30   Program sumcker started!
2021.07.01-16:37:30   Initialyzing application.
2021.07.01-16:37:30   Application initialyzed.
2021.07.01-16:37:30   Starting update database files checksum.
2021.07.01-16:37:30   Hashsum check finished with 1 error(s)!
2021.07.01-16:37:30   Deinitialyzing application.
2021.07.01-16:37:30   Sumchecker stopped.
2021.07.01-16:39:01   Program sumcker started!
2021.07.01-16:39:01   Initialyzing application.
2021.07.01-16:39:01   Application initialyzed.
2021.07.01-16:39:01   Starting update database files checksum.
2021.07.01-16:39:01   Hashsum check finished with 1 error(s)!
2021.07.01-16:39:01   Deinitialyzing application.
2021.07.01-16:39:01   Sumchecker stopped.
2021.07.01-16:39:02   Program sumcker started!
2021.07.01-16:39:02   Initialyzing application.
2021.07.01-16:39:02   Application initialyzed.
2021.07.01-16:39:02   Starting update database files checksum.
2021.07.01-16:39:02   Hashsum check finished with 1 error(s)!
2021.07.01-16:39:02   Deinitialyzing application.
2021.07.01-16:39:02   Sumchecker stopped.
2021.07.01-16:39:19   Program sumcker started!
2021.07.01-16:39:19   Initialyzing application.
2021.07.01-16:39:19   Application initialyzed.
2021.07.01-16:39:19   Starting update database files checksum.
2021.07.01-16:39:19   Hashsum check finished with 1 error(s)!
2021.07.01-16:39:19   Deinitialyzing application.
2021.07.01-16:39:19   Sumchecker stopped.
2021.07.01-16:42:16   Program sumcker started!
2021.07.01-16:42:16   Initialyzing application.
2021.07.01-16:42:16   Application initialyzed.
2021.07.01-16:42:16   Starting update database files checksum.
2021.07.01-16:42:16   Hashsum check finished with 1 error(s)!
2021.07.01-16:42:16   Deinitialyzing application.
2021.07.01-16:42:16   Sumchecker stopped.
2021.07.01-16:42:17   Program sumcker started!
2021.07.01-16:42:17   Initialyzing application.
2021.07.01-16:42:17   Application initialyzed.
2021.07.01-16:42:17   Starting update database files checksum.
2021.07.01-16:42:17   Hashsum check finished with 1 error(s)!
2021.07.01-16:42:17   Deinitialyzing application.
2021.07.01-16:42:17   Sumchecker stopped.
2021.07.01-16:42:17   Program sumcker started!
2021.07.01-16:42:17   Initialyzing application.
2021.07.01-16:42:17   Application initialyzed.
2021.07.01-16:42:17   Starting update database files checksum.
2021.07.01-16:42:17   Hashsum check finished with 1 error(s)!
2021.07.01-16:42:17   Deinitialyzing application.
2021.07.01-16:42:17   Sumchecker stopped.
2021.07.01-16:42:18   Program sumcker started!
2021.07.01-16:42:18   Initialyzing application.
2021.07.01-16:42:18   Application initialyzed.
2021.07.01-16:42:18   Starting update database files checksum.
2021.07.01-16:42:18   Hashsum check finished with 1 error(s)!
2021.07.01-16:42:18   Deinitialyzing application.
2021.07.01-16:42:18   Sumchecker stopped.
2021.07.01-16:42:23   Program sumcker started!
2021.07.01-16:42:23   Initialyzing application.
2021.07.01-16:42:23   Application initialyzed.
2021.07.01-16:42:23   Start inspecting files checksum.
2021.07.01-16:42:23   File hashsum error: /home/ilvir/PhpstormProjects/sdk123/app/Image.php!
2021.07.01-16:42:23   Hashsum check finished with 1 error(s)!
2021.07.01-16:42:23   Deinitialyzing application.
2021.07.01-16:42:23   Sumchecker stopped.
2021.07.01-16:42:28   Program sumcker started!
2021.07.01-16:42:28   Initialyzing application.
2021.07.01-16:42:28   Application initialyzed.
2021.07.01-16:42:28   Starting update database files checksum.
2021.07.01-16:42:28   Hashsum check finished with 1 error(s)!
2021.07.01-16:42:28   Deinitialyzing application.
2021.07.01-16:42:28   Sumchecker stopped.
2021.07.01-16:45:49   Program sumcker started!
2021.07.01-16:45:49   Initialyzing application.
2021.07.01-16:45:49   Application initialyzed.
2021.07.01-16:45:49   Starting update database files checksum.
2021.07.01-16:45:49   Hashsum check finished with 1 error(s)!
2021.07.01-16:45:49   Deinitialyzing application.
2021.07.01-16:45:49   Sumchecker stopped.
2021.07.01-16:45:55   Program sumcker started!
2021.07.01-16:45:55   Initialyzing application.
2021.07.01-16:45:55   Application initialyzed.
2021.07.01-16:45:55   Starting update database files checksum.
2021.07.01-16:45:55   Hashsum check finished with 1 error(s)!
2021.07.01-16:45:55   Deinitialyzing application.
2021.07.01-16:45:55   Sumchecker stopped.
2021.07.01-16:46:20   Program sumcker started!
2021.07.01-16:46:20   Initialyzing application.
2021.07.01-16:46:20   Application initialyzed.
2021.07.01-16:46:20   Starting update database files checksum.
2021.07.01-16:46:20   Hashsum check finished with 1 error(s)!
2021.07.01-16:46:20   Deinitialyzing application.
2021.07.01-16:46:20   Sumchecker stopped.
2021.07.01-16:46:36   Program sumcker started!
2021.07.01-16:46:36   Initialyzing application.
2021.07.01-16:46:36   Application initialyzed.
2021.07.01-16:46:36   Starting update database files checksum.
2021.07.01-16:46:36   Open file error: asdasd!
2021.07.01-16:46:36   Hashsum check finished with 2 error(s)!
2021.07.01-16:46:36   Deinitialyzing application.
2021.07.01-16:46:36   Sumchecker stopped.
2021.07.01-16:46:53   Program sumcker started!
2021.07.01-16:46:53   Initialyzing application.
2021.07.01-16:46:53   Application initialyzed.
2021.07.01-16:46:53   Starting update database files checksum.
2021.07.01-16:46:53   Wrong file name!
2021.07.01-16:46:53   Hashsum check finished with 2 error(s)!
2021.07.01-16:46:53   Deinitialyzing application.
2021.07.01-16:46:53   Sumchecker stopped.
2021.07.01-16:47:00   Program sumcker started!
2021.07.01-16:47:00   Initialyzing application.
2021.07.01-16:47:00   Application initialyzed.
2021.07.01-16:47:00   Starting update database files checksum.
2021.07.01-16:47:00   Checksum updating is finished successfully.
2021.07.01-16:47:00   Deinitialyzing application.
2021.07.01-16:47:00   Sumchecker stopped.
2021.07.01-17:03:10   Program sumcker started!
2021.07.01-17:03:10   Initialyzing application.
2021.07.01-17:03:10   Application initialyzed.
2021.07.01-17:03:10   Starting update database files checksum.
2021.07.01-17:03:10   Hashsum check finished with 1 error(s)!
2021.07.01-17:03:10   Deinitialyzing application.
2021.07.01-17:03:10   Sumchecker stopped.
2021.07.01-17:03:13   Program sumcker started!
2021.07.01-17:03:13   Initialyzing application.
2021.07.01-17:03:13   Application initialyzed.
2021.07.01-17:03:13   Start inspecting files checksum.
2021.07.01-17:03:13   File hashsum error: /home/ilvir/PhpstormProjects/sdk123/package.json!
2021.07.01-17:03:13   Hashsum check finished with 1 error(s)!
2021.07.01-17:03:13   Deinitialyzing application.
2021.07.01-17:03:13   Sumchecker stopped.
2021.07.01-17:04:56   Program sumcker started!
2021.07.01-17:04:56   Initialyzing application.
2021.07.01-17:04:56   Application initialyzed.
2021.07.01-17:04:56   Starting update database files checksum.
2021.07.01-17:04:56   Hashsum check finished with 1 error(s)!
2021.07.01-17:04:56   Deinitialyzing application.
2021.07.01-17:04:56   Sumchecker stopped.
