[2022-12-27 18:25:30] local.ERROR: file_put_contents(C:\Users\Илья\Desktop\Работа\03_Югорск\Итоговый проект 12_2022\sdk_yugorsk\sdk_yugorsk\storage\framework/sessions/rviN80XF2xBPHghQAQw8itWHQ0ZMliTisugNBUT7): failed to open stream: No such file or directory {"exception":"[object] (ErrorException(code: 0): file_put_contents(C:\\Users\\Илья\\Desktop\\Работа\\03_Югорск\\Итоговый проект 12_2022\\sdk_yugorsk\\sdk_yugorsk\\storage\\framework/sessions/rviN80XF2xBPHghQAQw8itWHQ0ZMliTisugNBUT7): failed to open stream: No such file or directory at C:\\Users\\Илья\\Desktop\\Работа\\03_Югорск\\Итоговый проект 12_2022\\sdk_yugorsk\\vendor\\laravel\\framework\\src\\Illuminate\\Filesystem\\Filesystem.php:135)
[stacktrace]
#0 [internal function]: Illuminate\\Foundation\\Bootstrap\\HandleExceptions->handleError(2, 'file_put_conten...', 'C:\\\\Users\\\\\\xD0\\x98\\xD0\\xBB\\xD1\\x8C...', 135, Array)
#1 C:\\Users\\Илья\\Desktop\\Работа\\03_Югорск\\Итоговый проект 12_2022\\sdk_yugorsk\\vendor\\laravel\\framework\\src\\Illuminate\\Filesystem\\Filesystem.php(135): file_put_contents('C:\\\\Users\\\\\\xD0\\x98\\xD0\\xBB\\xD1\\x8C...', 'a:4:{s:6:\"_toke...', 2)
#2 C:\\Users\\Илья\\Desktop\\Работа\\03_Югорск\\Итоговый проект 12_2022\\sdk_yugorsk\\vendor\\laravel\\framework\\src\\Illuminate\\Session\\FileSessionHandler.php(83): Illuminate\\Filesystem\\Filesystem->put('C:\\\\Users\\\\\\xD0\\x98\\xD0\\xBB\\xD1\\x8C...', 'a:4:{s:6:\"_toke...', true)
#3 C:\\Users\\Илья\\Desktop\\Работа\\03_Югорск\\Итоговый проект 12_2022\\sdk_yugorsk\\vendor\\laravel\\framework\\src\\Illuminate\\Session\\Store.php(129): Illuminate\\Session\\FileSessionHandler->write('rviN80XF2xBPHgh...', 'a:4:{s:6:\"_toke...')
#4 C:\\Users\\Илья\\Desktop\\Работа\\03_Югорск\\Итоговый проект 12_2022\\sdk_yugorsk\\vendor\\laravel\\framework\\src\\Illuminate\\Session\\Middleware\\StartSession.php(231): Illuminate\\Session\\Store->save()
#5 C:\\Users\\Илья\\Desktop\\Работа\\03_Югорск\\Итоговый проект 12_2022\\sdk_yugorsk\\vendor\\laravel\\framework\\src\\Illuminate\\Session\\Middleware\\StartSession.php(125): Illuminate\\Session\\Middleware\\StartSession->saveSession(Object(Illuminate\\Http\\Request))
#6 C:\\Users\\Илья\\Desktop\\Работа\\03_Югорск\\Итоговый проект 12_2022\\sdk_yugorsk\\vendor\\laravel\\framework\\src\\Illuminate\\Session\\Middleware\\StartSession.php(62): Illuminate\\Session\\Middleware\\StartSession->handleStatefulRequest(Object(Illuminate\\Http\\Request), Object(Illuminate\\Session\\Store), Object(Closure))
#7 C:\\Users\\Илья\\Desktop\\Работа\\03_Югорск\\Итоговый проект 12_2022\\sdk_yugorsk\\vendor\\laravel\\framework\\src\\Illuminate\\Pipeline\\Pipeline.php(167): Illuminate\\Session\\Middleware\\StartSession->handle(Object(Illuminate\\Http\\Request), Object(Closure))
#8 C:\\Users\\Илья\\Desktop\\Работа\\03_Югорск\\Итоговый проект 12_2022\\sdk_yugorsk\\vendor\\laravel\\framework\\src\\Illuminate\\Cookie\\Middleware\\AddQueuedCookiesToResponse.php(37): Illuminate\\Pipeline\\Pipeline->Illuminate\\Pipeline\\{closure}(Object(Illuminate\\Http\\Request))
#9 C:\\Users\\Илья\\Desktop\\Работа\\03_Югорск\\Итоговый проект 12_2022\\sdk_yugorsk\\vendor\\laravel\\framework\\src\\Illuminate\\Pipeline\\Pipeline.php(167): Illuminate\\Cookie\\Middleware\\AddQueuedCookiesToResponse->handle(Object(Illuminate\\Http\\Request), Object(Closure))
#10 C:\\Users\\Илья\\Desktop\\Работа\\03_Югорск\\Итоговый проект 12_2022\\sdk_yugorsk\\vendor\\laravel\\framework\\src\\Illuminate\\Cookie\\Middleware\\EncryptCookies.php(67): Illuminate\\Pipeline\\Pipeline->Illuminate\\Pipeline\\{closure}(Object(Illuminate\\Http\\Request))
#11 C:\\Users\\Илья\\Desktop\\Работа\\03_Югорск\\Итоговый проект 12_2022\\sdk_yugorsk\\vendor\\laravel\\framework\\src\\Illuminate\\Pipeline\\Pipeline.php(167): Illuminate\\Cookie\\Middleware\\EncryptCookies->handle(Object(Illuminate\\Http\\Request), Object(Closure))
#12 C:\\Users\\Илья\\Desktop\\Работа\\03_Югорск\\Итоговый проект 12_2022\\sdk_yugorsk\\vendor\\laravel\\framework\\src\\Illuminate\\Pipeline\\Pipeline.php(103): Illuminate\\Pipeline\\Pipeline->Illuminate\\Pipeline\\{closure}(Object(Illuminate\\Http\\Request))
#13 C:\\Users\\Илья\\Desktop\\Работа\\03_Югорск\\Итоговый проект 12_2022\\sdk_yugorsk\\vendor\\laravel\\framework\\src\\Illuminate\\Routing\\Router.php(687): Illuminate\\Pipeline\\Pipeline->then(Object(Closure))
#14 C:\\Users\\Илья\\Desktop\\Работа\\03_Югорск\\Итоговый проект 12_2022\\sdk_yugorsk\\vendor\\laravel\\framework\\src\\Illuminate\\Routing\\Router.php(662): Illuminate\\Routing\\Router->runRouteWithinStack(Object(Illuminate\\Routing\\Route), Object(Illuminate\\Http\\Request))
#15 C:\\Users\\Илья\\Desktop\\Работа\\03_Югорск\\Итоговый проект 12_2022\\sdk_yugorsk\\vendor\\laravel\\framework\\src\\Illuminate\\Routing\\Router.php(628): Illuminate\\Routing\\Router->runRoute(Object(Illuminate\\Http\\Request), Object(Illuminate\\Routing\\Route))
#16 C:\\Users\\Илья\\Desktop\\Работа\\03_Югорск\\Итоговый проект 12_2022\\sdk_yugorsk\\vendor\\laravel\\framework\\src\\Illuminate\\Routing\\Router.php(617): Illuminate\\Routing\\Router->dispatchToRoute(Object(Illuminate\\Http\\Request))
#17 C:\\Users\\Илья\\Desktop\\Работа\\03_Югорск\\Итоговый проект 12_2022\\sdk_yugorsk\\vendor\\laravel\\framework\\src\\Illuminate\\Foundation\\Http\\Kernel.php(165): Illuminate\\Routing\\Router->dispatch(Object(Illuminate\\Http\\Request))
#18 C:\\Users\\Илья\\Desktop\\Работа\\03_Югорск\\Итоговый проект 12_2022\\sdk_yugorsk\\vendor\\laravel\\framework\\src\\Illuminate\\Pipeline\\Pipeline.php(128): Illuminate\\Foundation\\Http\\Kernel->Illuminate\\Foundation\\Http\\{closure}(Object(Illuminate\\Http\\Request))
#19 C:\\Users\\Илья\\Desktop\\Работа\\03_Югорск\\Итоговый проект 12_2022\\sdk_yugorsk\\vendor\\livewire\\livewire\\src\\DisableBrowserCache.php(19): Illuminate\\Pipeline\\Pipeline->Illuminate\\Pipeline\\{closure}(Object(Illuminate\\Http\\Request))
#20 C:\\Users\\Илья\\Desktop\\Работа\\03_Югорск\\Итоговый проект 12_2022\\sdk_yugorsk\\vendor\\laravel\\framework\\src\\Illuminate\\Pipeline\\Pipeline.php(167): Livewire\\DisableBrowserCache->handle(Object(Illuminate\\Http\\Request), Object(Closure))
#21 C:\\Users\\Илья\\Desktop\\Работа\\03_Югорск\\Итоговый проект 12_2022\\sdk_yugorsk\\vendor\\laravel\\framework\\src\\Illuminate\\Foundation\\Http\\Middleware\\TransformsRequest.php(21): Illuminate\\Pipeline\\Pipeline->Illuminate\\Pipeline\\{closure}(Object(Illuminate\\Http\\Request))
#22 C:\\Users\\Илья\\Desktop\\Работа\\03_Югорск\\Итоговый проект 12_2022\\sdk_yugorsk\\vendor\\laravel\\framework\\src\\Illuminate\\Pipeline\\Pipeline.php(167): Illuminate\\Foundation\\Http\\Middleware\\TransformsRequest->handle(Object(Illuminate\\Http\\Request), Object(Closure))
#23 C:\\Users\\Илья\\Desktop\\Работа\\03_Югорск\\Итоговый проект 12_2022\\sdk_yugorsk\\vendor\\laravel\\framework\\src\\Illuminate\\Foundation\\Http\\Middleware\\TransformsRequest.php(21): Illuminate\\Pipeline\\Pipeline->Illuminate\\Pipeline\\{closure}(Object(Illuminate\\Http\\Request))
#24 C:\\Users\\Илья\\Desktop\\Работа\\03_Югорск\\Итоговый проект 12_2022\\sdk_yugorsk\\vendor\\laravel\\framework\\src\\Illuminate\\Pipeline\\Pipeline.php(167): Illuminate\\Foundation\\Http\\Middleware\\TransformsRequest->handle(Object(Illuminate\\Http\\Request), Object(Closure))
#25 C:\\Users\\Илья\\Desktop\\Работа\\03_Югорск\\Итоговый проект 12_2022\\sdk_yugorsk\\vendor\\laravel\\framework\\src\\Illuminate\\Foundation\\Http\\Middleware\\ValidatePostSize.php(27): Illuminate\\Pipeline\\Pipeline->Illuminate\\Pipeline\\{closure}(Object(Illuminate\\Http\\Request))
#26 C:\\Users\\Илья\\Desktop\\Работа\\03_Югорск\\Итоговый проект 12_2022\\sdk_yugorsk\\vendor\\laravel\\framework\\src\\Illuminate\\Pipeline\\Pipeline.php(167): Illuminate\\Foundation\\Http\\Middleware\\ValidatePostSize->handle(Object(Illuminate\\Http\\Request), Object(Closure))
#27 C:\\Users\\Илья\\Desktop\\Работа\\03_Югорск\\Итоговый проект 12_2022\\sdk_yugorsk\\vendor\\laravel\\framework\\src\\Illuminate\\Foundation\\Http\\Middleware\\CheckForMaintenanceMode.php(63): Illuminate\\Pipeline\\Pipeline->Illuminate\\Pipeline\\{closure}(Object(Illuminate\\Http\\Request))
#28 C:\\Users\\Илья\\Desktop\\Работа\\03_Югорск\\Итоговый проект 12_2022\\sdk_yugorsk\\vendor\\laravel\\framework\\src\\Illuminate\\Pipeline\\Pipeline.php(167): Illuminate\\Foundation\\Http\\Middleware\\CheckForMaintenanceMode->handle(Object(Illuminate\\Http\\Request), Object(Closure))
#29 C:\\Users\\Илья\\Desktop\\Работа\\03_Югорск\\Итоговый проект 12_2022\\sdk_yugorsk\\vendor\\fruitcake\\laravel-cors\\src\\HandleCors.php(37): Illuminate\\Pipeline\\Pipeline->Illuminate\\Pipeline\\{closure}(Object(Illuminate\\Http\\Request))
#30 C:\\Users\\Илья\\Desktop\\Работа\\03_Югорск\\Итоговый проект 12_2022\\sdk_yugorsk\\vendor\\laravel\\framework\\src\\Illuminate\\Pipeline\\Pipeline.php(167): Fruitcake\\Cors\\HandleCors->handle(Object(Illuminate\\Http\\Request), Object(Closure))
#31 C:\\Users\\Илья\\Desktop\\Работа\\03_Югорск\\Итоговый проект 12_2022\\sdk_yugorsk\\vendor\\fideloper\\proxy\\src\\TrustProxies.php(57): Illuminate\\Pipeline\\Pipeline->Illuminate\\Pipeline\\{closure}(Object(Illuminate\\Http\\Request))
#32 C:\\Users\\Илья\\Desktop\\Работа\\03_Югорск\\Итоговый проект 12_2022\\sdk_yugorsk\\vendor\\laravel\\framework\\src\\Illuminate\\Pipeline\\Pipeline.php(167): Fideloper\\Proxy\\TrustProxies->handle(Object(Illuminate\\Http\\Request), Object(Closure))
#33 C:\\Users\\Илья\\Desktop\\Работа\\03_Югорск\\Итоговый проект 12_2022\\sdk_yugorsk\\vendor\\laravel\\framework\\src\\Illuminate\\Pipeline\\Pipeline.php(103): Illuminate\\Pipeline\\Pipeline->Illuminate\\Pipeline\\{closure}(Object(Illuminate\\Http\\Request))
#34 C:\\Users\\Илья\\Desktop\\Работа\\03_Югорск\\Итоговый проект 12_2022\\sdk_yugorsk\\vendor\\laravel\\framework\\src\\Illuminate\\Foundation\\Http\\Kernel.php(140): Illuminate\\Pipeline\\Pipeline->then(Object(Closure))
#35 C:\\Users\\Илья\\Desktop\\Работа\\03_Югорск\\Итоговый проект 12_2022\\sdk_yugorsk\\vendor\\laravel\\framework\\src\\Illuminate\\Foundation\\Http\\Kernel.php(109): Illuminate\\Foundation\\Http\\Kernel->sendRequestThroughRouter(Object(Illuminate\\Http\\Request))
#36 C:\\Users\\Илья\\Desktop\\Работа\\03_Югорск\\Итоговый проект 12_2022\\sdk_yugorsk\\public\\index.php(55): Illuminate\\Foundation\\Http\\Kernel->handle(Object(Illuminate\\Http\\Request))
#37 C:\\Users\\Илья\\Desktop\\Работа\\03_Югорск\\Итоговый проект 12_2022\\sdk_yugorsk\\server.php(21): require_once('C:\\\\Users\\\\\\xD0\\x98\\xD0\\xBB\\xD1\\x8C...')
#38 {main}
"} 
[2022-12-27 18:25:45] local.ERROR: Unable to prepare route [logout] for serialization. Uses Closure. {"exception":"[object] (LogicException(code: 0): Unable to prepare route [logout] for serialization. Uses Closure. at C:\\Users\\Илья\\Desktop\\Работа\\03_Югорск\\Итоговый проект 12_2022\\sdk_yugorsk\\vendor\\laravel\\framework\\src\\Illuminate\\Routing\\Route.php:1150)
[stacktrace]
#0 C:\\Users\\Илья\\Desktop\\Работа\\03_Югорск\\Итоговый проект 12_2022\\sdk_yugorsk\\vendor\\laravel\\framework\\src\\Illuminate\\Foundation\\Console\\RouteCacheCommand.php(62): Illuminate\\Routing\\Route->prepareForSerialization()
#1 C:\\Users\\Илья\\Desktop\\Работа\\03_Югорск\\Итоговый проект 12_2022\\sdk_yugorsk\\vendor\\laravel\\framework\\src\\Illuminate\\Container\\BoundMethod.php(36): Illuminate\\Foundation\\Console\\RouteCacheCommand->handle()
#2 C:\\Users\\Илья\\Desktop\\Работа\\03_Югорск\\Итоговый проект 12_2022\\sdk_yugorsk\\vendor\\laravel\\framework\\src\\Illuminate\\Container\\Util.php(37): Illuminate\\Container\\BoundMethod::Illuminate\\Container\\{closure}()
#3 C:\\Users\\Илья\\Desktop\\Работа\\03_Югорск\\Итоговый проект 12_2022\\sdk_yugorsk\\vendor\\laravel\\framework\\src\\Illuminate\\Container\\BoundMethod.php(93): Illuminate\\Container\\Util::unwrapIfClosure(Object(Closure))
#4 C:\\Users\\Илья\\Desktop\\Работа\\03_Югорск\\Итоговый проект 12_2022\\sdk_yugorsk\\vendor\\laravel\\framework\\src\\Illuminate\\Container\\BoundMethod.php(37): Illuminate\\Container\\BoundMethod::callBoundMethod(Object(Illuminate\\Foundation\\Application), Array, Object(Closure))
#5 C:\\Users\\Илья\\Desktop\\Работа\\03_Югорск\\Итоговый проект 12_2022\\sdk_yugorsk\\vendor\\laravel\\framework\\src\\Illuminate\\Container\\Container.php(596): Illuminate\\Container\\BoundMethod::call(Object(Illuminate\\Foundation\\Application), Array, Array, NULL)
#6 C:\\Users\\Илья\\Desktop\\Работа\\03_Югорск\\Итоговый проект 12_2022\\sdk_yugorsk\\vendor\\laravel\\framework\\src\\Illuminate\\Console\\Command.php(134): Illuminate\\Container\\Container->call(Array)
#7 C:\\Users\\Илья\\Desktop\\Работа\\03_Югорск\\Итоговый проект 12_2022\\sdk_yugorsk\\vendor\\symfony\\console\\Command\\Command.php(298): Illuminate\\Console\\Command->execute(Object(Symfony\\Component\\Console\\Input\\ArrayInput), Object(Illuminate\\Console\\OutputStyle))
#8 C:\\Users\\Илья\\Desktop\\Работа\\03_Югорск\\Итоговый проект 12_2022\\sdk_yugorsk\\vendor\\laravel\\framework\\src\\Illuminate\\Console\\Command.php(121): Symfony\\Component\\Console\\Command\\Command->run(Object(Symfony\\Component\\Console\\Input\\ArrayInput), Object(Illuminate\\Console\\OutputStyle))
#9 C:\\Users\\Илья\\Desktop\\Работа\\03_Югорск\\Итоговый проект 12_2022\\sdk_yugorsk\\vendor\\laravel\\framework\\src\\Illuminate\\Console\\Concerns\\CallsCommands.php(56): Illuminate\\Console\\Command->run(Object(Symfony\\Component\\Console\\Input\\ArrayInput), Object(Illuminate\\Console\\OutputStyle))
#10 C:\\Users\\Илья\\Desktop\\Работа\\03_Югорск\\Итоговый проект 12_2022\\sdk_yugorsk\\vendor\\laravel\\framework\\src\\Illuminate\\Console\\Concerns\\CallsCommands.php(28): Illuminate\\Console\\Command->runCommand('route:cache', Array, Object(Illuminate\\Console\\OutputStyle))
#11 C:\\Users\\Илья\\Desktop\\Работа\\03_Югорск\\Итоговый проект 12_2022\\sdk_yugorsk\\vendor\\laravel\\framework\\src\\Illuminate\\Foundation\\Console\\OptimizeCommand.php(31): Illuminate\\Console\\Command->call('route:cache')
#12 C:\\Users\\Илья\\Desktop\\Работа\\03_Югорск\\Итоговый проект 12_2022\\sdk_yugorsk\\vendor\\laravel\\framework\\src\\Illuminate\\Container\\BoundMethod.php(36): Illuminate\\Foundation\\Console\\OptimizeCommand->handle()
#13 C:\\Users\\Илья\\Desktop\\Работа\\03_Югорск\\Итоговый проект 12_2022\\sdk_yugorsk\\vendor\\laravel\\framework\\src\\Illuminate\\Container\\Util.php(37): Illuminate\\Container\\BoundMethod::Illuminate\\Container\\{closure}()
#14 C:\\Users\\Илья\\Desktop\\Работа\\03_Югорск\\Итоговый проект 12_2022\\sdk_yugorsk\\vendor\\laravel\\framework\\src\\Illuminate\\Container\\BoundMethod.php(93): Illuminate\\Container\\Util::unwrapIfClosure(Object(Closure))
#15 C:\\Users\\Илья\\Desktop\\Работа\\03_Югорск\\Итоговый проект 12_2022\\sdk_yugorsk\\vendor\\laravel\\framework\\src\\Illuminate\\Container\\BoundMethod.php(37): Illuminate\\Container\\BoundMethod::callBoundMethod(Object(Illuminate\\Foundation\\Application), Array, Object(Closure))
#16 C:\\Users\\Илья\\Desktop\\Работа\\03_Югорск\\Итоговый проект 12_2022\\sdk_yugorsk\\vendor\\laravel\\framework\\src\\Illuminate\\Container\\Container.php(596): Illuminate\\Container\\BoundMethod::call(Object(Illuminate\\Foundation\\Application), Array, Array, NULL)
#17 C:\\Users\\Илья\\Desktop\\Работа\\03_Югорск\\Итоговый проект 12_2022\\sdk_yugorsk\\vendor\\laravel\\framework\\src\\Illuminate\\Console\\Command.php(134): Illuminate\\Container\\Container->call(Array)
#18 C:\\Users\\Илья\\Desktop\\Работа\\03_Югорск\\Итоговый проект 12_2022\\sdk_yugorsk\\vendor\\symfony\\console\\Command\\Command.php(298): Illuminate\\Console\\Command->execute(Object(Symfony\\Component\\Console\\Input\\ArgvInput), Object(Illuminate\\Console\\OutputStyle))
#19 C:\\Users\\Илья\\Desktop\\Работа\\03_Югорск\\Итоговый проект 12_2022\\sdk_yugorsk\\vendor\\laravel\\framework\\src\\Illuminate\\Console\\Command.php(121): Symfony\\Component\\Console\\Command\\Command->run(Object(Symfony\\Component\\Console\\Input\\ArgvInput), Object(Illuminate\\Console\\OutputStyle))
#20 C:\\Users\\Илья\\Desktop\\Работа\\03_Югорск\\Итоговый проект 12_2022\\sdk_yugorsk\\vendor\\symfony\\console\\Application.php(1040): Illuminate\\Console\\Command->run(Object(Symfony\\Component\\Console\\Input\\ArgvInput), Object(Symfony\\Component\\Console\\Output\\ConsoleOutput))
#21 C:\\Users\\Илья\\Desktop\\Работа\\03_Югорск\\Итоговый проект 12_2022\\sdk_yugorsk\\vendor\\symfony\\console\\Application.php(301): Symfony\\Component\\Console\\Application->doRunCommand(Object(Illuminate\\Foundation\\Console\\OptimizeCommand), Object(Symfony\\Component\\Console\\Input\\ArgvInput), Object(Symfony\\Component\\Console\\Output\\ConsoleOutput))
#22 C:\\Users\\Илья\\Desktop\\Работа\\03_Югорск\\Итоговый проект 12_2022\\sdk_yugorsk\\vendor\\symfony\\console\\Application.php(171): Symfony\\Component\\Console\\Application->doRun(Object(Symfony\\Component\\Console\\Input\\ArgvInput), Object(Symfony\\Component\\Console\\Output\\ConsoleOutput))
#23 C:\\Users\\Илья\\Desktop\\Работа\\03_Югорск\\Итоговый проект 12_2022\\sdk_yugorsk\\vendor\\laravel\\framework\\src\\Illuminate\\Console\\Application.php(93): Symfony\\Component\\Console\\Application->run(Object(Symfony\\Component\\Console\\Input\\ArgvInput), Object(Symfony\\Component\\Console\\Output\\ConsoleOutput))
#24 C:\\Users\\Илья\\Desktop\\Работа\\03_Югорск\\Итоговый проект 12_2022\\sdk_yugorsk\\vendor\\laravel\\framework\\src\\Illuminate\\Foundation\\Console\\Kernel.php(129): Illuminate\\Console\\Application->run(Object(Symfony\\Component\\Console\\Input\\ArgvInput), Object(Symfony\\Component\\Console\\Output\\ConsoleOutput))
#25 C:\\Users\\Илья\\Desktop\\Работа\\03_Югорск\\Итоговый проект 12_2022\\sdk_yugorsk\\artisan(37): Illuminate\\Foundation\\Console\\Kernel->handle(Object(Symfony\\Component\\Console\\Input\\ArgvInput), Object(Symfony\\Component\\Console\\Output\\ConsoleOutput))
#26 {main}
"} 
